<?xml version="1.0" encoding="UTF-8"?>
<!-- Generated by org.testng.reporters.JUnitReportReporter -->
<testsuite hostname="Mayavi" failures="0" tests="13" name="runner.TestRunner" time="120.442" errors="2" timestamp="2024-04-03T17:00:18 IST" skipped="0">
  <testcase classname="runner.TestRunner" name="runScenario" time="5.069"/>
  <system-out/>
  <testcase classname="runner.TestRunner" name="runScenario" time="9.664"/>
  <system-out/>
  <testcase classname="runner.TestRunner" name="runScenario" time="5.614"/>
  <system-out/>
  <testcase classname="runner.TestRunner" name="runScenario" time="8.199"/>
  <system-out/>
  <testcase classname="runner.TestRunner" name="runScenario" time="6.689"/>
  <system-out/>
  <testcase classname="runner.TestRunner" name="runScenario" time="7.134"/>
  <system-out/>
  <testcase classname="runner.TestRunner" name="runScenario" time="6.342"/>
  <system-out/>
  <testcase classname="runner.TestRunner" name="runScenario" time="12.035"/>
  <system-out/>
  <testcase classname="runner.TestRunner" name="runScenario" time="33.335">
    <error message="Cannot invoke &quot;org.openqa.selenium.WebElement.click()&quot; because &quot;webElement&quot; is null" type="java.lang.NullPointerException">
      <![CDATA[java.lang.NullPointerException: Cannot invoke "org.openqa.selenium.WebElement.click()" because "webElement" is null
at utils.ElementUtils.clickOnElement(ElementUtils.java:27)
at pages.HomePage.clickOnMyAccount(HomePage.java:41)
at stepdefinitions.Login.user_navigates_to_login_page(Login.java:28)
at ✽.User navigates to login page(file:///C:/Users/Hp-D/eclipse-workspace/BDD_UI_Test_Framework/src/test/resources/features/Login.feature:30)
]]>
    </error>
  </testcase> <!-- runScenario -->
  <system-out/>
  <testcase classname="runner.TestRunner" name="runScenario" time="5.142"/>
  <system-out/>
  <testcase classname="runner.TestRunner" name="runScenario" time="5.113">
    <error message="Cannot invoke &quot;pages.PlacingOrderPage.hoverOnDesktopButton()&quot; because &quot;this.placingAnOrderPage&quot; is null" type="java.lang.NullPointerException">
      <![CDATA[java.lang.NullPointerException: Cannot invoke "pages.PlacingOrderPage.hoverOnDesktopButton()" because "this.placingAnOrderPage" is null
at stepdefinitions.PlacingAnOrder.user_select_the_product_category(PlacingAnOrder.java:23)
at ✽.User select the product category(file:///C:/Users/Hp-D/eclipse-workspace/BDD_UI_Test_Framework/src/test/resources/features/PlacingAnOrder.feature:38)
]]>
    </error>
  </testcase> <!-- runScenario -->
  <system-out/>
  <testcase classname="runner.TestRunner" name="runScenario" time="7.685"/>
  <system-out/>
  <testcase classname="runner.TestRunner" name="runScenario" time="8.421"/>
  <system-out/>
</testsuite> <!-- runner.TestRunner -->
